[2023-04-05 17:06:32] [ ERROR] [GlobalExceptionHandler:16] Failed to convert value of type 'java.lang.String' to required type 'java.lang.Long'; For input string: "t"
[2023-04-08 16:21:34] [ ERROR] [GlobalExceptionHandler:16] No se encontro el odontologo
[2023-04-23 10:16:50] [ ERROR] [GlobalExceptionHandler:16] No se encontro el odontologo
[2023-05-02 15:27:48] [ ERROR] [GlobalExceptionHandler:16] Content-Type 'multipart/form-data;boundary=--------------------------244341326627498593931083;charset=UTF-8' is not supported
[2023-05-02 15:35:38] [ ERROR] [GlobalExceptionHandler:16] MultipartFile resource [archivo] cannot be resolved to absolute file path
[2023-05-02 15:38:29] [ ERROR] [GlobalExceptionHandler:16] MultipartFile resource [archivo] cannot be resolved to absolute file path
[2023-05-02 15:41:25] [ ERROR] [GlobalExceptionHandler:16] MultipartFile resource [archivo] cannot be resolved to absolute file path
[2023-05-02 15:42:37] [ ERROR] [GlobalExceptionHandler:16] MultipartFile resource [archivo] cannot be resolved to absolute file path
[2023-05-02 15:44:22] [ ERROR] [GlobalExceptionHandler:16] MultipartFile resource [archivo] cannot be resolved to absolute file path
[2023-05-02 16:44:37] [ ERROR] [GlobalExceptionHandler:16] MultipartFile resource [archivo] cannot be resolved to absolute file path
[2023-05-02 16:58:42] [ ERROR] [GlobalExceptionHandler:16] MultipartFile resource [archivo] cannot be resolved to absolute file path
[2023-05-02 17:01:22] [ ERROR] [GlobalExceptionHandler:16] Maximum upload size exceeded
[2023-05-02 17:15:36] [ ERROR] [GlobalExceptionHandler:16] MultipartFile resource [archivo] cannot be resolved to absolute file path
[2023-05-02 17:16:33] [ ERROR] [GlobalExceptionHandler:16] MultipartFile resource [archivo] cannot be resolved to absolute file path
[2023-05-02 17:23:45] [ ERROR] [GlobalExceptionHandler:16] MultipartFile resource [archivo] cannot be resolved to absolute file path
[2023-05-02 17:28:51] [ ERROR] [GlobalExceptionHandler:16] MultipartFile resource [archivo] cannot be resolved to absolute file path
[2023-05-02 17:29:39] [ ERROR] [GlobalExceptionHandler:16] MultipartFile resource [archivo] cannot be resolved to absolute file path
[2023-05-02 17:34:56] [ ERROR] [GlobalExceptionHandler:16] MultipartFile resource [archivo] cannot be resolved to absolute file path
[2023-05-02 17:36:04] [ ERROR] [GlobalExceptionHandler:16] MultipartFile resource [archivo] cannot be resolved to absolute file path
[2023-05-02 17:37:03] [ ERROR] [GlobalExceptionHandler:16] MultipartFile resource [archivo] cannot be resolved to absolute file path
[2023-05-02 17:38:03] [ ERROR] [GlobalExceptionHandler:16] MultipartFile resource [archivo] cannot be resolved to absolute file path
[2023-05-02 17:41:42] [ ERROR] [GlobalExceptionHandler:16] MultipartFile resource [archivo] cannot be resolved to absolute file path
[2023-05-02 17:45:01] [ ERROR] [GlobalExceptionHandler:16] MultipartFile resource [archivo] cannot be resolved to absolute file path
[2023-05-02 17:52:57] [ ERROR] [GlobalExceptionHandler:16] Current request is not a multipart request
[2023-05-02 17:53:04] [ ERROR] [GlobalExceptionHandler:16] Current request is not a multipart request
[2023-05-02 17:53:26] [ ERROR] [GlobalExceptionHandler:16] Current request is not a multipart request
[2023-05-02 17:53:40] [ ERROR] [GlobalExceptionHandler:16] Current request is not a multipart request
[2023-05-02 17:54:01] [ ERROR] [GlobalExceptionHandler:16] Current request is not a multipart request
[2023-05-02 17:54:25] [ ERROR] [GlobalExceptionHandler:16] Current request is not a multipart request
[2023-05-02 17:54:27] [ ERROR] [GlobalExceptionHandler:16] Current request is not a multipart request
[2023-05-02 17:54:27] [ ERROR] [GlobalExceptionHandler:16] Current request is not a multipart request
[2023-05-02 17:54:27] [ ERROR] [GlobalExceptionHandler:16] Current request is not a multipart request
[2023-05-02 17:54:28] [ ERROR] [GlobalExceptionHandler:16] Current request is not a multipart request
[2023-05-02 20:37:12] [ ERROR] [GlobalExceptionHandler:16] org.springframework.validation.BeanPropertyBindingResult: 1 errors
Field error in object 'pacienteDto' on field 'domicilio': rejected value [{"direccion": "fruta3", "localidad": "rinde 3 litros", "provincia": "riquisimo"}]; codes [typeMismatch.pacienteDto.domicilio,typeMismatch.domicilio,typeMismatch.com.clinical.entity.Domicilio,typeMismatch]; arguments [org.springframework.context.support.DefaultMessageSourceResolvable: codes [pacienteDto.domicilio,domicilio]; arguments []; default message [domicilio]]; default message [Failed to convert property value of type 'java.lang.String' to required type 'com.clinical.entity.Domicilio' for property 'domicilio'; Failed to convert from type [java.lang.String] to type [java.lang.Long] for value '{"direccion": "fruta3", "localidad": "rinde 3 litros", "provincia": "riquisimo"}']
[2023-05-02 20:39:21] [ ERROR] [GlobalExceptionHandler:16] MultipartFile resource [archivo] cannot be resolved to absolute file path
[2023-05-02 20:53:02] [ ERROR] [GlobalExceptionHandler:16] MultipartFile resource [archivo] cannot be resolved to absolute file path
[2023-05-02 20:58:35] [ ERROR] [GlobalExceptionHandler:16] MultipartFile resource [archivo] cannot be resolved to absolute file path
[2023-05-02 21:33:41] [ ERROR] [GlobalExceptionHandler:16] MultipartFile resource [archivo] cannot be resolved to absolute file path
[2023-05-02 21:34:35] [ ERROR] [GlobalExceptionHandler:16] MultipartFile resource [archivo] cannot be resolved to absolute file path
[2023-05-02 21:41:27] [ ERROR] [GlobalExceptionHandler:16] MultipartFile resource [archivo] cannot be resolved to absolute file path
[2023-05-02 21:44:38] [ ERROR] [GlobalExceptionHandler:16] MultipartFile resource [archivo] cannot be resolved to absolute file path
[2023-05-12 12:24:09] [ ERROR] [GlobalExceptionHandler:23] Content-Type 'multipart/form-data;boundary=----WebKitFormBoundaryFCVD5PMPwbYYQbLC;charset=UTF-8' is not supported
[2023-05-12 12:54:12] [ ERROR] [GlobalExceptionHandler:23] Content-Type 'multipart/form-data;boundary=----WebKitFormBoundaryUu87bK9OAAcmryoq;charset=UTF-8' is not supported
[2023-05-12 15:18:16] [ ERROR] [GlobalExceptionHandler:23] Content-Type 'multipart/form-data;boundary=----WebKitFormBoundaryIwPB8a4I7Fdbazp9;charset=UTF-8' is not supported
[2023-05-12 15:24:00] [ ERROR] [GlobalExceptionHandler:23] Content-Type 'multipart/form-data;boundary=----WebKitFormBoundaryFRv6KRampv11Uvlc;charset=UTF-8' is not supported
[2023-05-12 15:24:43] [ ERROR] [GlobalExceptionHandler:23] Content-Type 'multipart/form-data;boundary=----WebKitFormBoundaryE0m8P8FMoZ1KCgGK;charset=UTF-8' is not supported
[2023-05-12 15:25:52] [ ERROR] [GlobalExceptionHandler:23] Content-Type 'multipart/form-data;boundary=----WebKitFormBoundaryhJV2YB20jAVxYAws;charset=UTF-8' is not supported
[2023-05-12 16:10:13] [ ERROR] [GlobalExceptionHandler:23] Content-Type 'multipart/form-data;boundary=----WebKitFormBoundaryqtOlbLETIxADQ14f;charset=UTF-8' is not supported
[2023-05-12 16:24:22] [ ERROR] [GlobalExceptionHandler:23] Content-Type 'multipart/form-data;boundary=--------------------------817412382494307376359037;charset=UTF-8' is not supported
[2023-05-12 16:26:37] [ ERROR] [GlobalExceptionHandler:23] Content-Type 'multipart/form-data;boundary=--------------------------742969674426341403029354;charset=UTF-8' is not supported
[2023-05-12 16:27:22] [ ERROR] [GlobalExceptionHandler:23] Cannot invoke "org.springframework.web.multipart.MultipartFile.isEmpty()" because "multipartFile" is null
[2023-05-12 16:29:58] [ ERROR] [GlobalExceptionHandler:23] Content-Type 'multipart/form-data;boundary=--------------------------475440955039663872425039;charset=UTF-8' is not supported
[2023-05-12 16:30:38] [ ERROR] [GlobalExceptionHandler:23] Cannot invoke "org.springframework.web.multipart.MultipartFile.isEmpty()" because "multipartFile" is null
[2023-05-12 16:33:07] [ ERROR] [GlobalExceptionHandler:23] could not execute statement; SQL [n/a]; constraint [null]
[2023-05-12 16:43:57] [ ERROR] [GlobalExceptionHandler:23] could not execute statement; SQL [n/a]; constraint [null]
[2023-05-12 16:50:39] [ ERROR] [GlobalExceptionHandler:23] could not execute statement; SQL [n/a]; constraint [null]
[2023-05-12 16:54:30] [ ERROR] [GlobalExceptionHandler:23] MultipartFile resource [fotoDePerfil] cannot be resolved to absolute file path
[2023-05-12 16:56:04] [ ERROR] [GlobalExceptionHandler:23] could not execute statement; SQL [n/a]; constraint [null]
[2023-05-12 17:00:42] [ ERROR] [GlobalExceptionHandler:23] MultipartFile resource [fotoDePerfil] cannot be resolved to absolute file path
[2023-05-12 17:03:02] [ ERROR] [GlobalExceptionHandler:23] could not execute statement; SQL [n/a]; constraint [null]
[2023-05-12 17:45:28] [ ERROR] [GlobalExceptionHandler:23] Content-Type 'multipart/form-data;boundary=----WebKitFormBoundaryDvQ6hJUronCpEb5v;charset=UTF-8' is not supported
[2023-05-12 17:45:45] [ ERROR] [GlobalExceptionHandler:23] Content-Type 'multipart/form-data;boundary=----WebKitFormBoundaryZf1FbFteRyrohLY3;charset=UTF-8' is not supported
[2023-05-12 17:46:42] [ ERROR] [GlobalExceptionHandler:23] No primary or single unique constructor found for interface org.springframework.util.MultiValueMap
[2023-05-12 18:30:51] [ ERROR] [GlobalExceptionHandler:23] Handler dispatch failed: java.lang.NoClassDefFoundError: com/fasterxml/jackson/core/StreamReadConstraints
[2023-05-12 18:45:28] [ ERROR] [GlobalExceptionHandler:23] Handler dispatch failed: java.lang.NoClassDefFoundError: com/fasterxml/jackson/core/StreamReadConstraints
[2023-05-12 18:50:58] [ ERROR] [GlobalExceptionHandler:23] Handler dispatch failed: java.lang.NoClassDefFoundError: com/fasterxml/jackson/core/StreamReadConstraints
[2023-05-12 18:51:43] [ ERROR] [GlobalExceptionHandler:23] org.springframework.validation.BeanPropertyBindingResult: 1 errors
Field error in object 'pacienteDto' on field 'fotoDePerfil': rejected value [undefined]; codes [typeMismatch.pacienteDto.fotoDePerfil,typeMismatch.fotoDePerfil,typeMismatch.org.springframework.web.multipart.MultipartFile,typeMismatch]; arguments [org.springframework.context.support.DefaultMessageSourceResolvable: codes [pacienteDto.fotoDePerfil,fotoDePerfil]; arguments []; default message [fotoDePerfil]]; default message [Failed to convert property value of type 'java.lang.String' to required type 'org.springframework.web.multipart.MultipartFile' for property 'fotoDePerfil'; Cannot convert value of type 'java.lang.String' to required type 'org.springframework.web.multipart.MultipartFile' for property 'fotoDePerfil': no matching editors or conversion strategy found]
[2023-05-12 18:51:50] [ ERROR] [GlobalExceptionHandler:23] org.springframework.validation.BeanPropertyBindingResult: 1 errors
Field error in object 'pacienteDto' on field 'fotoDePerfil': rejected value [undefined]; codes [typeMismatch.pacienteDto.fotoDePerfil,typeMismatch.fotoDePerfil,typeMismatch.org.springframework.web.multipart.MultipartFile,typeMismatch]; arguments [org.springframework.context.support.DefaultMessageSourceResolvable: codes [pacienteDto.fotoDePerfil,fotoDePerfil]; arguments []; default message [fotoDePerfil]]; default message [Failed to convert property value of type 'java.lang.String' to required type 'org.springframework.web.multipart.MultipartFile' for property 'fotoDePerfil'; Cannot convert value of type 'java.lang.String' to required type 'org.springframework.web.multipart.MultipartFile' for property 'fotoDePerfil': no matching editors or conversion strategy found]
[2023-05-12 18:51:51] [ ERROR] [GlobalExceptionHandler:23] org.springframework.validation.BeanPropertyBindingResult: 1 errors
Field error in object 'pacienteDto' on field 'fotoDePerfil': rejected value [undefined]; codes [typeMismatch.pacienteDto.fotoDePerfil,typeMismatch.fotoDePerfil,typeMismatch.org.springframework.web.multipart.MultipartFile,typeMismatch]; arguments [org.springframework.context.support.DefaultMessageSourceResolvable: codes [pacienteDto.fotoDePerfil,fotoDePerfil]; arguments []; default message [fotoDePerfil]]; default message [Failed to convert property value of type 'java.lang.String' to required type 'org.springframework.web.multipart.MultipartFile' for property 'fotoDePerfil'; Cannot convert value of type 'java.lang.String' to required type 'org.springframework.web.multipart.MultipartFile' for property 'fotoDePerfil': no matching editors or conversion strategy found]
[2023-05-12 18:51:51] [ ERROR] [GlobalExceptionHandler:23] org.springframework.validation.BeanPropertyBindingResult: 1 errors
Field error in object 'pacienteDto' on field 'fotoDePerfil': rejected value [undefined]; codes [typeMismatch.pacienteDto.fotoDePerfil,typeMismatch.fotoDePerfil,typeMismatch.org.springframework.web.multipart.MultipartFile,typeMismatch]; arguments [org.springframework.context.support.DefaultMessageSourceResolvable: codes [pacienteDto.fotoDePerfil,fotoDePerfil]; arguments []; default message [fotoDePerfil]]; default message [Failed to convert property value of type 'java.lang.String' to required type 'org.springframework.web.multipart.MultipartFile' for property 'fotoDePerfil'; Cannot convert value of type 'java.lang.String' to required type 'org.springframework.web.multipart.MultipartFile' for property 'fotoDePerfil': no matching editors or conversion strategy found]
[2023-05-12 18:51:52] [ ERROR] [GlobalExceptionHandler:23] org.springframework.validation.BeanPropertyBindingResult: 1 errors
Field error in object 'pacienteDto' on field 'fotoDePerfil': rejected value [undefined]; codes [typeMismatch.pacienteDto.fotoDePerfil,typeMismatch.fotoDePerfil,typeMismatch.org.springframework.web.multipart.MultipartFile,typeMismatch]; arguments [org.springframework.context.support.DefaultMessageSourceResolvable: codes [pacienteDto.fotoDePerfil,fotoDePerfil]; arguments []; default message [fotoDePerfil]]; default message [Failed to convert property value of type 'java.lang.String' to required type 'org.springframework.web.multipart.MultipartFile' for property 'fotoDePerfil'; Cannot convert value of type 'java.lang.String' to required type 'org.springframework.web.multipart.MultipartFile' for property 'fotoDePerfil': no matching editors or conversion strategy found]
[2023-05-12 18:51:52] [ ERROR] [GlobalExceptionHandler:23] org.springframework.validation.BeanPropertyBindingResult: 1 errors
Field error in object 'pacienteDto' on field 'fotoDePerfil': rejected value [undefined]; codes [typeMismatch.pacienteDto.fotoDePerfil,typeMismatch.fotoDePerfil,typeMismatch.org.springframework.web.multipart.MultipartFile,typeMismatch]; arguments [org.springframework.context.support.DefaultMessageSourceResolvable: codes [pacienteDto.fotoDePerfil,fotoDePerfil]; arguments []; default message [fotoDePerfil]]; default message [Failed to convert property value of type 'java.lang.String' to required type 'org.springframework.web.multipart.MultipartFile' for property 'fotoDePerfil'; Cannot convert value of type 'java.lang.String' to required type 'org.springframework.web.multipart.MultipartFile' for property 'fotoDePerfil': no matching editors or conversion strategy found]
[2023-05-12 18:59:33] [ ERROR] [GlobalExceptionHandler:23] org.springframework.validation.BeanPropertyBindingResult: 1 errors
Field error in object 'pacienteDto' on field 'domicilio': rejected value [{"direccion":"r","localidad":"t","provincia":"y"}]; codes [typeMismatch.pacienteDto.domicilio,typeMismatch.domicilio,typeMismatch.com.clinical.entity.Domicilio,typeMismatch]; arguments [org.springframework.context.support.DefaultMessageSourceResolvable: codes [pacienteDto.domicilio,domicilio]; arguments []; default message [domicilio]]; default message [Failed to convert property value of type 'java.lang.String' to required type 'com.clinical.entity.Domicilio' for property 'domicilio'; Failed to convert from type [java.lang.String] to type [java.lang.Long] for value '{"direccion":"r","localidad":"t","provincia":"y"}']
[2023-05-12 23:10:19] [ ERROR] [GlobalExceptionHandler:23] org.springframework.validation.BeanPropertyBindingResult: 1 errors
Field error in object 'pacienteDto' on field 'domicilio': rejected value [{"direccion":"rew","localidad":"qsd","provincia":"ocf"}]; codes [typeMismatch.pacienteDto.domicilio,typeMismatch.domicilio,typeMismatch.com.clinical.entity.Domicilio,typeMismatch]; arguments [org.springframework.context.support.DefaultMessageSourceResolvable: codes [pacienteDto.domicilio,domicilio]; arguments []; default message [domicilio]]; default message [Failed to convert property value of type 'java.lang.String' to required type 'com.clinical.entity.Domicilio' for property 'domicilio'; Failed to convert from type [java.lang.String] to type [java.lang.Long] for value '{"direccion":"rew","localidad":"qsd","provincia":"ocf"}']
[2023-05-12 23:13:30] [ ERROR] [GlobalExceptionHandler:23] org.springframework.validation.BeanPropertyBindingResult: 1 errors
Field error in object 'pacienteDto' on field 'domicilio': rejected value [{"direccion":"rew","localidad":"qsd","provincia":"ocf"}]; codes [typeMismatch.pacienteDto.domicilio,typeMismatch.domicilio,typeMismatch.com.clinical.entity.Domicilio,typeMismatch]; arguments [org.springframework.context.support.DefaultMessageSourceResolvable: codes [pacienteDto.domicilio,domicilio]; arguments []; default message [domicilio]]; default message [Failed to convert property value of type 'java.lang.String' to required type 'com.clinical.entity.Domicilio' for property 'domicilio'; Failed to convert from type [java.lang.String] to type [java.lang.Long] for value '{"direccion":"rew","localidad":"qsd","provincia":"ocf"}']
[2023-05-12 23:30:28] [ ERROR] [GlobalExceptionHandler:23] org.springframework.validation.BeanPropertyBindingResult: 1 errors
Field error in object 'pacienteDto' on field 'domicilio': rejected value [{"direccion":"q","localidad":"s","provincia":"m"}]; codes [typeMismatch.pacienteDto.domicilio,typeMismatch.domicilio,typeMismatch.com.clinical.entity.Domicilio,typeMismatch]; arguments [org.springframework.context.support.DefaultMessageSourceResolvable: codes [pacienteDto.domicilio,domicilio]; arguments []; default message [domicilio]]; default message [Failed to convert property value of type 'java.lang.String' to required type 'com.clinical.entity.Domicilio' for property 'domicilio'; Failed to convert from type [java.lang.String] to type [java.lang.Long] for value '{"direccion":"q","localidad":"s","provincia":"m"}']
[2023-05-12 23:34:18] [ ERROR] [GlobalExceptionHandler:23] Handler dispatch failed: java.lang.NoClassDefFoundError: com/fasterxml/jackson/core/StreamReadConstraints
[2023-05-12 23:46:12] [ ERROR] [GlobalExceptionHandler:23] Handler dispatch failed: java.lang.NoClassDefFoundError: com/fasterxml/jackson/core/StreamReadConstraints
[2023-05-12 23:51:47] [ ERROR] [GlobalExceptionHandler:23] MultipartFile resource [fotoDePerfil] cannot be resolved to absolute file path
[2023-05-12 23:54:04] [ ERROR] [GlobalExceptionHandler:23] Request method 'GET' is not supported
[2023-05-12 23:54:14] [ ERROR] [GlobalExceptionHandler:23] MultipartFile resource [fotoDePerfil] cannot be resolved to absolute file path
[2023-05-13 00:02:57] [ ERROR] [GlobalExceptionHandler:23] MultipartFile resource [fotoDePerfil] cannot be resolved to absolute file path
[2023-05-13 00:15:39] [ ERROR] [GlobalExceptionHandler:23] MultipartFile resource [fotoDePerfil] cannot be resolved to absolute file path
[2023-05-13 00:15:43] [ ERROR] [GlobalExceptionHandler:23] Request method 'GET' is not supported
[2023-05-13 00:22:40] [ ERROR] [GlobalExceptionHandler:23] MultipartFile resource [fotoDePerfil] cannot be resolved to absolute file path
[2023-05-13 00:22:42] [ ERROR] [GlobalExceptionHandler:23] Request method 'GET' is not supported
[2023-05-13 00:24:55] [ ERROR] [GlobalExceptionHandler:23] MultipartFile resource [fotoDePerfil] cannot be resolved to absolute file path
[2023-05-13 12:44:04] [ ERROR] [GlobalExceptionHandler:23] MultipartFile resource [fotoDePerfil] cannot be resolved to absolute file path
[2023-05-13 12:46:03] [ ERROR] [GlobalExceptionHandler:23] MultipartFile resource [fotoDePerfil] cannot be resolved to absolute file path
[2023-05-13 12:56:04] [ ERROR] [GlobalExceptionHandler:23] MultipartFile resource [fotoDePerfil] cannot be resolved to absolute file path
[2023-05-13 12:57:58] [ ERROR] [GlobalExceptionHandler:23] MultipartFile resource [fotoDePerfil] cannot be resolved to absolute file path
[2023-05-13 12:58:47] [ ERROR] [GlobalExceptionHandler:23] org.springframework.validation.BeanPropertyBindingResult: 1 errors
Field error in object 'pacienteDto' on field 'fotoDePerfil': rejected value [org.springframework.web.multipart.support.StandardMultipartHttpServletRequest$StandardMultipartFile@47b9b73a]; codes [typeMismatch.pacienteDto.fotoDePerfil,typeMismatch.fotoDePerfil,typeMismatch.com.clinical.entity.ArchivoMultimedia,typeMismatch]; arguments [org.springframework.context.support.DefaultMessageSourceResolvable: codes [pacienteDto.fotoDePerfil,fotoDePerfil]; arguments []; default message [fotoDePerfil]]; default message [Failed to convert property value of type 'org.springframework.web.multipart.support.StandardMultipartHttpServletRequest$StandardMultipartFile' to required type 'com.clinical.entity.ArchivoMultimedia' for property 'fotoDePerfil'; Cannot convert value of type 'org.springframework.web.multipart.support.StandardMultipartHttpServletRequest$StandardMultipartFile' to required type 'com.clinical.entity.ArchivoMultimedia' for property 'fotoDePerfil': no matching editors or conversion strategy found]
[2023-05-13 13:05:28] [ ERROR] [GlobalExceptionHandler:23] org.springframework.validation.BeanPropertyBindingResult: 1 errors
Field error in object 'pacienteDto' on field 'fotoDePerfil': rejected value [org.springframework.web.multipart.support.StandardMultipartHttpServletRequest$StandardMultipartFile@9c408ca]; codes [typeMismatch.pacienteDto.fotoDePerfil,typeMismatch.fotoDePerfil,typeMismatch.com.clinical.entity.ArchivoMultimedia,typeMismatch]; arguments [org.springframework.context.support.DefaultMessageSourceResolvable: codes [pacienteDto.fotoDePerfil,fotoDePerfil]; arguments []; default message [fotoDePerfil]]; default message [Failed to convert property value of type 'org.springframework.web.multipart.support.StandardMultipartHttpServletRequest$StandardMultipartFile' to required type 'com.clinical.entity.ArchivoMultimedia' for property 'fotoDePerfil'; Cannot convert value of type 'org.springframework.web.multipart.support.StandardMultipartHttpServletRequest$StandardMultipartFile' to required type 'com.clinical.entity.ArchivoMultimedia' for property 'fotoDePerfil': no matching editors or conversion strategy found]
[2023-05-13 13:05:34] [ ERROR] [GlobalExceptionHandler:23] Request method 'GET' is not supported
[2023-05-13 13:53:13] [ ERROR] [GlobalExceptionHandler:23] org.springframework.validation.BeanPropertyBindingResult: 1 errors
Field error in object 'pacienteDto' on field 'fotoDePerfil': rejected value [org.springframework.web.multipart.support.StandardMultipartHttpServletRequest$StandardMultipartFile@5c50ef5f]; codes [typeMismatch.pacienteDto.fotoDePerfil,typeMismatch.fotoDePerfil,typeMismatch.com.clinical.entity.ArchivoMultimedia,typeMismatch]; arguments [org.springframework.context.support.DefaultMessageSourceResolvable: codes [pacienteDto.fotoDePerfil,fotoDePerfil]; arguments []; default message [fotoDePerfil]]; default message [Failed to convert property value of type 'org.springframework.web.multipart.support.StandardMultipartHttpServletRequest$StandardMultipartFile' to required type 'com.clinical.entity.ArchivoMultimedia' for property 'fotoDePerfil'; Cannot convert value of type 'org.springframework.web.multipart.support.StandardMultipartHttpServletRequest$StandardMultipartFile' to required type 'com.clinical.entity.ArchivoMultimedia' for property 'fotoDePerfil': no matching editors or conversion strategy found]
[2023-05-13 14:37:00] [ ERROR] [GlobalExceptionHandler:23] MultipartFile resource [imagen] cannot be resolved to absolute file path
[2023-05-13 14:50:07] [ ERROR] [GlobalExceptionHandler:23] MultipartFile resource [imagen] cannot be resolved to absolute file path
[2023-05-13 15:04:00] [ ERROR] [GlobalExceptionHandler:23] MultipartFile resource [imagen] cannot be resolved to absolute file path
[2023-05-13 15:22:23] [ ERROR] [GlobalExceptionHandler:23] MultipartFile resource [imagen] cannot be resolved to absolute file path
[2023-05-13 15:25:27] [ ERROR] [GlobalExceptionHandler:23] MultipartFile resource [imagen] cannot be resolved to absolute file path
[2023-05-13 15:26:24] [ ERROR] [GlobalExceptionHandler:23] MultipartFile resource [imagen] cannot be resolved to absolute file path
